nohup: ignoring input

  You can now view your Streamlit app in your browser.

  URL: http://alphaindex.zju.edu.cn:8501

2025-08-01 15:04:34.894 `label` got an empty value. This is discouraged for accessibility reasons and may be disallowed in the future by raising an exception. Please provide a non-empty label and hide it with label_visibility if needed.
2025-08-01 15:04:39.379 `label` got an empty value. This is discouraged for accessibility reasons and may be disallowed in the future by raising an exception. Please provide a non-empty label and hide it with label_visibility if needed.
2025-08-01 15:04:39.381 `label` got an empty value. This is discouraged for accessibility reasons and may be disallowed in the future by raising an exception. Please provide a non-empty label and hide it with label_visibility if needed.
2025-08-01 15:04:39.382 `label` got an empty value. This is discouraged for accessibility reasons and may be disallowed in the future by raising an exception. Please provide a non-empty label and hide it with label_visibility if needed.
2025-08-01 15:04:49.083 `label` got an empty value. This is discouraged for accessibility reasons and may be disallowed in the future by raising an exception. Please provide a non-empty label and hide it with label_visibility if needed.
2025-08-01 15:04:52.125 Uncaught app execution
Traceback (most recent call last):
  File "/disk221/software/miniconda3/envs/streamlit/lib/python3.9/site-packages/streamlit/runtime/scriptrunner/exec_code.py", line 121, in exec_func_with_error_handling
    result = func()
  File "/disk221/software/miniconda3/envs/streamlit/lib/python3.9/site-packages/streamlit/runtime/scriptrunner/script_runner.py", line 591, in code_to_exec
    exec(code, module.__dict__)
  File "/disk212/yupf/database/web/streamlit/App.py", line 49, in <module>
    explore_page()
  File "/disk212/yupf/database/web/streamlit/app/explore.py", line 88, in explore_page
    plot = runFeaturemap(adata, txt_3)
  File "/disk212/yupf/database/web/streamlit/script/featuremap.py", line 41, in runFeaturemap
    return plot
UnboundLocalError: local variable 'plot' referenced before assignment
2025-08-01 15:05:00.312 `label` got an empty value. This is discouraged for accessibility reasons and may be disallowed in the future by raising an exception. Please provide a non-empty label and hide it with label_visibility if needed.
2025-08-01 15:05:00.911 `label` got an empty value. This is discouraged for accessibility reasons and may be disallowed in the future by raising an exception. Please provide a non-empty label and hide it with label_visibility if needed.
2025-08-01 15:05:00.913 `label` got an empty value. This is discouraged for accessibility reasons and may be disallowed in the future by raising an exception. Please provide a non-empty label and hide it with label_visibility if needed.
2025-08-01 15:05:00.913 `label` got an empty value. This is discouraged for accessibility reasons and may be disallowed in the future by raising an exception. Please provide a non-empty label and hide it with label_visibility if needed.
2025-08-04 16:35:11.647 MediaFileHandler: Missing file 18bf04dd5bbbd015183e441164b75d6354d36c4f8f3f7a4df5245689.png
2025-08-04 18:21:59.537 `label` got an empty value. This is discouraged for accessibility reasons and may be disallowed in the future by raising an exception. Please provide a non-empty label and hide it with label_visibility if needed.
2025-08-09 21:24:46.296 `label` got an empty value. This is discouraged for accessibility reasons and may be disallowed in the future by raising an exception. Please provide a non-empty label and hide it with label_visibility if needed.
2025-08-09 21:24:50.644 `label` got an empty value. This is discouraged for accessibility reasons and may be disallowed in the future by raising an exception. Please provide a non-empty label and hide it with label_visibility if needed.
2025-08-09 21:24:51.495 `label` got an empty value. This is discouraged for accessibility reasons and may be disallowed in the future by raising an exception. Please provide a non-empty label and hide it with label_visibility if needed.
2025-08-09 21:24:51.496 `label` got an empty value. This is discouraged for accessibility reasons and may be disallowed in the future by raising an exception. Please provide a non-empty label and hide it with label_visibility if needed.
2025-08-09 21:24:51.497 `label` got an empty value. This is discouraged for accessibility reasons and may be disallowed in the future by raising an exception. Please provide a non-empty label and hide it with label_visibility if needed.
2025-08-09 21:25:04.137 `label` got an empty value. This is discouraged for accessibility reasons and may be disallowed in the future by raising an exception. Please provide a non-empty label and hide it with label_visibility if needed.
2025-08-09 21:25:07.327 Uncaught app execution
Traceback (most recent call last):
  File "/disk221/software/miniconda3/envs/streamlit/lib/python3.9/site-packages/streamlit/runtime/scriptrunner/exec_code.py", line 121, in exec_func_with_error_handling
    result = func()
  File "/disk221/software/miniconda3/envs/streamlit/lib/python3.9/site-packages/streamlit/runtime/scriptrunner/script_runner.py", line 591, in code_to_exec
    exec(code, module.__dict__)
  File "/disk212/yupf/database/web/streamlit/App.py", line 49, in <module>
    explore_page()
  File "/disk212/yupf/database/web/streamlit/app/explore.py", line 88, in explore_page
    plot = runFeaturemap(adata, txt_3)
  File "/disk212/yupf/database/web/streamlit/script/featuremap.py", line 41, in runFeaturemap
    return plot
UnboundLocalError: local variable 'plot' referenced before assignment
2025-08-09 21:25:12.205 `label` got an empty value. This is discouraged for accessibility reasons and may be disallowed in the future by raising an exception. Please provide a non-empty label and hide it with label_visibility if needed.
2025-08-09 21:25:12.835 `label` got an empty value. This is discouraged for accessibility reasons and may be disallowed in the future by raising an exception. Please provide a non-empty label and hide it with label_visibility if needed.
2025-08-09 21:25:12.836 `label` got an empty value. This is discouraged for accessibility reasons and may be disallowed in the future by raising an exception. Please provide a non-empty label and hide it with label_visibility if needed.
2025-08-09 21:25:12.837 `label` got an empty value. This is discouraged for accessibility reasons and may be disallowed in the future by raising an exception. Please provide a non-empty label and hide it with label_visibility if needed.
2025-08-09 21:25:23.447 `label` got an empty value. This is discouraged for accessibility reasons and may be disallowed in the future by raising an exception. Please provide a non-empty label and hide it with label_visibility if needed.
2025-08-09 21:25:36.707 `label` got an empty value. This is discouraged for accessibility reasons and may be disallowed in the future by raising an exception. Please provide a non-empty label and hide it with label_visibility if needed.
2025-08-09 21:25:36.708 `label` got an empty value. This is discouraged for accessibility reasons and may be disallowed in the future by raising an exception. Please provide a non-empty label and hide it with label_visibility if needed.
2025-08-09 21:25:36.709 `label` got an empty value. This is discouraged for accessibility reasons and may be disallowed in the future by raising an exception. Please provide a non-empty label and hide it with label_visibility if needed.
